Build started 5/16/2013 4:18:52 PM.
     1>Project "C:\Users\Opteron\Documents\Visual Studio 2010\Projects\BouncingBalls\BouncingBalls\BouncingBalls.vcxproj" on node 2 (build target(s)).
     1>PrepareForBuild:
         Creating directory "C:\Users\Opteron\Documents\Visual Studio 2010\Projects\BouncingBalls\Release\".
       InitializeBuildStatus:
         Creating "Release\BouncingBalls.unsuccessfulbuild" because "AlwaysCreate" was specified.
       ClCompile:
         C:\Program Files (x86)\Microsoft Visual Studio 10.0\VC\bin\CL.exe /c /Zi /nologo /W3 /WX- /O2 /Oi /Oy- /GL /D _MBCS /Gm- /EHsc /MD /GS /Gy /fp:precise /Zc:wchar_t /Zc:forScope /Fo"Release\\" /Fd"Release\vc100.pdb" /Gd /TP /analyze- /errorReport:prompt ball.cpp CollisionHandlerTree.cpp CollisionHandlerTreeNode.cpp CollisionRaw.cpp Engine.cpp main.cpp Points_3D.cpp QuadRectangle.cpp testing.cpp
         ball.cpp
         CollisionHandlerTree.cpp
         CollisionHandlerTreeNode.cpp
         CollisionRaw.cpp
         Engine.cpp
     1>Engine.cpp(20): warning C4244: 'initializing' : conversion from 'int' to 'float', possible loss of data
     1>Engine.cpp(21): warning C4244: 'initializing' : conversion from 'int' to 'float', possible loss of data
     1>Engine.cpp(22): warning C4244: 'initializing' : conversion from 'int' to 'float', possible loss of data
     1>Engine.cpp(41): warning C4244: 'argument' : conversion from 'float' to 'int', possible loss of data
     1>Engine.cpp(41): warning C4244: 'argument' : conversion from 'float' to 'int', possible loss of data
     1>Engine.cpp(41): warning C4244: 'argument' : conversion from 'float' to 'int', possible loss of data
         main.cpp
     1>main.cpp(83): warning C4996: 'fopen': This function or variable may be unsafe. Consider using fopen_s instead. To disable deprecation, use _CRT_SECURE_NO_WARNINGS. See online help for details.
                 C:\Program Files (x86)\Microsoft Visual Studio 10.0\VC\include\stdio.h(234) : see declaration of 'fopen'
     1>main.cpp(94): warning C4018: '<' : signed/unsigned mismatch
         Points_3D.cpp
         QuadRectangle.cpp
         testing.cpp
       Link:
         C:\Program Files (x86)\Microsoft Visual Studio 10.0\VC\bin\link.exe /ERRORREPORT:PROMPT /OUT:"C:\Users\Opteron\Documents\Visual Studio 2010\Projects\BouncingBalls\Release\BouncingBalls.exe" /NOLOGO kernel32.lib user32.lib gdi32.lib winspool.lib comdlg32.lib advapi32.lib shell32.lib ole32.lib oleaut32.lib uuid.lib odbc32.lib odbccp32.lib /MANIFEST /ManifestFile:"Release\BouncingBalls.exe.intermediate.manifest" /MANIFESTUAC:"level='asInvoker' uiAccess='false'" /DEBUG /PDB:"C:\Users\Opteron\Documents\Visual Studio 2010\Projects\BouncingBalls\Release\BouncingBalls.pdb" /OPT:REF /OPT:ICF /LTCG /TLBID:1 /DYNAMICBASE /NXCOMPAT /IMPLIB:"C:\Users\Opteron\Documents\Visual Studio 2010\Projects\BouncingBalls\Release\BouncingBalls.lib" /MACHINE:X86 Release\ball.obj
         Release\CollisionHandlerTree.obj
         Release\CollisionHandlerTreeNode.obj
         Release\CollisionRaw.obj
         Release\Engine.obj
         Release\main.obj
         Release\Points_3D.obj
         Release\QuadRectangle.obj
         Release\testing.obj
         Generating code
         Finished generating code
         BouncingBalls.vcxproj -> C:\Users\Opteron\Documents\Visual Studio 2010\Projects\BouncingBalls\Release\BouncingBalls.exe
       Manifest:
         C:\Program Files (x86)\Microsoft SDKs\Windows\v7.0A\bin\mt.exe /nologo /verbose /outputresource:"C:\Users\Opteron\Documents\Visual Studio 2010\Projects\BouncingBalls\Release\BouncingBalls.exe;#1" /manifest Release\BouncingBalls.exe.intermediate.manifest
       FinalizeBuildStatus:
         Deleting file "Release\BouncingBalls.unsuccessfulbuild".
         Touching "Release\BouncingBalls.lastbuildstate".
     1>Done Building Project "C:\Users\Opteron\Documents\Visual Studio 2010\Projects\BouncingBalls\BouncingBalls\BouncingBalls.vcxproj" (build target(s)).

Build succeeded.

Time Elapsed 00:00:03.75
