C:\USERS\OPTERON\DOCUMENTS\VISUAL STUDIO 2010\PROJECTS\BOUNCINGBALLS\BOUNCINGBALLS\DEBUG\BALL.OBJ
C:\USERS\OPTERON\DOCUMENTS\VISUAL STUDIO 2010\PROJECTS\BOUNCINGBALLS\BOUNCINGBALLS\DEBUG\BOUNCINGBALLS.BOUNCINGBALLTESTING.RESOURCES
C:\USERS\OPTERON\DOCUMENTS\VISUAL STUDIO 2010\PROJECTS\BOUNCINGBALLS\BOUNCINGBALLS\DEBUG\BOUNCINGBALLS.EXE.INTERMEDIATE.MANIFEST
C:\Users\Opteron\Documents\Visual Studio 2010\Projects\BouncingBalls\BouncingBalls\Debug\BouncingBalls.write.1.tlog
C:\USERS\OPTERON\DOCUMENTS\VISUAL STUDIO 2010\PROJECTS\BOUNCINGBALLS\BOUNCINGBALLS\DEBUG\BOUNCINGBALLTESTING.OBJ
C:\Users\Opteron\Documents\Visual Studio 2010\Projects\BouncingBalls\BouncingBalls\Debug\cl.command.1.tlog
C:\Users\Opteron\Documents\Visual Studio 2010\Projects\BouncingBalls\BouncingBalls\Debug\CL.read.1.tlog
C:\Users\Opteron\Documents\Visual Studio 2010\Projects\BouncingBalls\BouncingBalls\Debug\CL.write.1.tlog
C:\USERS\OPTERON\DOCUMENTS\VISUAL STUDIO 2010\PROJECTS\BOUNCINGBALLS\BOUNCINGBALLS\DEBUG\COLLISIONHANDLERTREE.OBJ
C:\USERS\OPTERON\DOCUMENTS\VISUAL STUDIO 2010\PROJECTS\BOUNCINGBALLS\BOUNCINGBALLS\DEBUG\COLLISIONHANDLERTREENODE.OBJ
C:\USERS\OPTERON\DOCUMENTS\VISUAL STUDIO 2010\PROJECTS\BOUNCINGBALLS\BOUNCINGBALLS\DEBUG\ENGINE.OBJ
C:\Users\Opteron\Documents\Visual Studio 2010\Projects\BouncingBalls\BouncingBalls\Debug\GenerateResource.read.1.tlog
C:\Users\Opteron\Documents\Visual Studio 2010\Projects\BouncingBalls\BouncingBalls\Debug\GenerateResource.write.1.tlog
C:\Users\Opteron\Documents\Visual Studio 2010\Projects\BouncingBalls\BouncingBalls\Debug\link.4700.read.1.tlog
C:\Users\Opteron\Documents\Visual Studio 2010\Projects\BouncingBalls\BouncingBalls\Debug\link.4700.write.1.tlog
C:\Users\Opteron\Documents\Visual Studio 2010\Projects\BouncingBalls\BouncingBalls\Debug\link.command.1.tlog
C:\Users\Opteron\Documents\Visual Studio 2010\Projects\BouncingBalls\BouncingBalls\Debug\link.read.1.tlog
C:\Users\Opteron\Documents\Visual Studio 2010\Projects\BouncingBalls\BouncingBalls\Debug\link.write.1.tlog
C:\Users\Opteron\Documents\Visual Studio 2010\Projects\BouncingBalls\BouncingBalls\Debug\mt.command.1.tlog
C:\Users\Opteron\Documents\Visual Studio 2010\Projects\BouncingBalls\BouncingBalls\Debug\mt.read.1.tlog
C:\Users\Opteron\Documents\Visual Studio 2010\Projects\BouncingBalls\BouncingBalls\Debug\mt.write.1.tlog
C:\USERS\OPTERON\DOCUMENTS\VISUAL STUDIO 2010\PROJECTS\BOUNCINGBALLS\BOUNCINGBALLS\DEBUG\QUADRECTANGLE.OBJ
C:\USERS\OPTERON\DOCUMENTS\VISUAL STUDIO 2010\PROJECTS\BOUNCINGBALLS\BOUNCINGBALLS\DEBUG\TESTING.OBJ
C:\Users\Opteron\Documents\Visual Studio 2010\Projects\BouncingBalls\BouncingBalls\Debug\vc100.idb
C:\USERS\OPTERON\DOCUMENTS\VISUAL STUDIO 2010\PROJECTS\BOUNCINGBALLS\BOUNCINGBALLS\DEBUG\VC100.PDB
C:\USERS\OPTERON\DOCUMENTS\VISUAL STUDIO 2010\PROJECTS\BOUNCINGBALLS\DEBUG\BOUNCINGBALLS.EXE
C:\USERS\OPTERON\DOCUMENTS\VISUAL STUDIO 2010\PROJECTS\BOUNCINGBALLS\DEBUG\BOUNCINGBALLS.ILK
C:\USERS\OPTERON\DOCUMENTS\VISUAL STUDIO 2010\PROJECTS\BOUNCINGBALLS\DEBUG\BOUNCINGBALLS.PDB
