Build started 5/16/2013 4:17:26 PM.
     1>Project "C:\Users\Opteron\Documents\Visual Studio 2010\Projects\BouncingBalls\BouncingBalls\BouncingBalls.vcxproj" on node 2 (build target(s)).
     1>InitializeBuildStatus:
         Creating "Debug\BouncingBalls.unsuccessfulbuild" because "AlwaysCreate" was specified.
       ClCompile:
         C:\Program Files (x86)\Microsoft Visual Studio 10.0\VC\bin\CL.exe /c /Zi /nologo /W3 /WX- /Od /Oy- /D _MBCS /Gm /EHsc /RTC1 /MDd /GS /fp:precise /Zc:wchar_t /Zc:forScope /Fo"Debug\\" /Fd"Debug\vc100.pdb" /Gd /TP /analyze- /errorReport:prompt Engine.cpp main.cpp
         Engine.cpp
     1>Engine.cpp(20): warning C4244: 'initializing' : conversion from 'int' to 'float', possible loss of data
     1>Engine.cpp(21): warning C4244: 'initializing' : conversion from 'int' to 'float', possible loss of data
     1>Engine.cpp(22): warning C4244: 'initializing' : conversion from 'int' to 'float', possible loss of data
     1>Engine.cpp(41): warning C4244: 'argument' : conversion from 'float' to 'int', possible loss of data
     1>Engine.cpp(41): warning C4244: 'argument' : conversion from 'float' to 'int', possible loss of data
     1>Engine.cpp(41): warning C4244: 'argument' : conversion from 'float' to 'int', possible loss of data
         Generating Code...
         Skipping... (no relevant changes detected)
         main.cpp
       Link:
         C:\Program Files (x86)\Microsoft Visual Studio 10.0\VC\bin\link.exe /ERRORREPORT:PROMPT /OUT:"C:\Users\Opteron\Documents\Visual Studio 2010\Projects\BouncingBalls\Debug\BouncingBalls.exe" /NOLOGO glut32.lib glu32.lib opengl32.lib kernel32.lib user32.lib gdi32.lib winspool.lib comdlg32.lib advapi32.lib shell32.lib ole32.lib oleaut32.lib uuid.lib odbc32.lib odbccp32.lib /MANIFEST /ManifestFile:"Debug\BouncingBalls.exe.intermediate.manifest" /MANIFESTUAC:"level='asInvoker' uiAccess='false'" /DEBUG /PDB:"C:\Users\Opteron\Documents\Visual Studio 2010\Projects\BouncingBalls\Debug\BouncingBalls.pdb" /TLBID:1 /DYNAMICBASE /NXCOMPAT /IMPLIB:"C:\Users\Opteron\Documents\Visual Studio 2010\Projects\BouncingBalls\Debug\BouncingBalls.lib" /MACHINE:X86 Debug\ball.obj
         Debug\CollisionHandlerTree.obj
         Debug\CollisionHandlerTreeNode.obj
         Debug\CollisionRaw.obj
         Debug\Engine.obj
         Debug\main.obj
         Debug\Points_3D.obj
         Debug\QuadRectangle.obj
         Debug\testing.obj
         LINK : C:\Users\Opteron\Documents\Visual Studio 2010\Projects\BouncingBalls\Debug\BouncingBalls.exe not found or not built by the last incremental link; performing full link
         BouncingBalls.vcxproj -> C:\Users\Opteron\Documents\Visual Studio 2010\Projects\BouncingBalls\Debug\BouncingBalls.exe
       Manifest:
         C:\Program Files (x86)\Microsoft SDKs\Windows\v7.0A\bin\mt.exe /nologo /verbose /outputresource:"C:\Users\Opteron\Documents\Visual Studio 2010\Projects\BouncingBalls\Debug\BouncingBalls.exe;#1" /manifest Debug\BouncingBalls.exe.intermediate.manifest
       FinalizeBuildStatus:
         Deleting file "Debug\BouncingBalls.unsuccessfulbuild".
         Touching "Debug\BouncingBalls.lastbuildstate".
     1>Done Building Project "C:\Users\Opteron\Documents\Visual Studio 2010\Projects\BouncingBalls\BouncingBalls\BouncingBalls.vcxproj" (build target(s)).

Build succeeded.

Time Elapsed 00:00:01.80
